# JRE version: OpenJDK Runtime Environment (24.0.1+9) (build 24.0.1+9-30)
# Java VM: OpenJDK 64-Bit Server VM (24.0.1+9-30, mixed mode, emulated-client, sharing, tiered, compressed oops, compressed class ptrs, g1 gc, windows-amd64)
GC Precious Log:
 CardTable entry size: 512
 Card Set container configuration: InlinePtr #cards 4 size 8 Array Of Cards #cards 16 size 48 Howl #buckets 8 coarsen threshold 3686 Howl Bitmap #cards 512 size 80 coarsen threshold 460 Card regions per heap region 1 cards per card region 4096
 CPUs: 4 total, 4 available
 Memory: 16301M
 Large Page Support: Disabled
 NUMA Support: Disabled
 Compressed Oops: Enabled (Zero based)
 Heap Region Size: 2M
 Heap Min Capacity: 8M
 Heap Initial Capacity: 256M
 Heap Max Capacity: 4076M
 Pre-touch: Disabled
 Parallel Workers: 4
 Concurrent Workers: 1
 Concurrent Refinement Workers: 4
 Periodic GC: Disabled
Heap:
 garbage-first heap   total reserved 4173824K, committed 81920K, used 43254K [0x0000000701400000, 0x0000000800000000)
  region size 2048K, 12 young (24576K), 2 survivors (4096K)
 Metaspace       used 63801K, committed 64320K, reserved 1114112K
  class space    used 6830K, committed 7040K, reserved 1048576K
GC Heap History (20 events):
Event: 2.517 GC heap before
{Heap before GC invocations=1 (full 0):
 garbage-first heap   total reserved 4173824K, committed 264192K, used 57396K [0x0000000701400000, 0x0000000800000000)
  region size 2048K, 28 young (57344K), 2 survivors (4096K)
 Metaspace       used 21281K, committed 21504K, reserved 1114112K
  class space    used 2067K, committed 2176K, reserved 1048576K
}
Event: 2.524 GC heap after
{Heap after GC invocations=2 (full 0):
 garbage-first heap   total reserved 4173824K, committed 264192K, used 12193K [0x0000000701400000, 0x0000000800000000)
  region size 2048K, 4 young (8192K), 4 survivors (8192K)
 Metaspace       used 21281K, committed 21504K, reserved 1114112K
  class space    used 2067K, committed 2176K, reserved 1048576K
}
Event: 2.775 GC heap before
{Heap before GC invocations=3 (full 0):
 garbage-first heap   total reserved 4173824K, committed 49152K, used 32673K [0x0000000701400000, 0x0000000800000000)
  region size 2048K, 14 young (28672K), 4 survivors (8192K)
 Metaspace       used 24436K, committed 24704K, reserved 1114112K
  class space    used 2462K, committed 2560K, reserved 1048576K
}
Event: 2.782 GC heap after
{Heap after GC invocations=4 (full 0):
 garbage-first heap   total reserved 4173824K, committed 49152K, used 13810K [0x0000000701400000, 0x0000000800000000)
  region size 2048K, 1 young (2048K), 1 survivors (2048K)
 Metaspace       used 24436K, committed 24704K, reserved 1114112K
  class space    used 2462K, committed 2560K, reserved 1048576K
}
Event: 3.128 GC heap before
{Heap before GC invocations=4 (full 0):
 garbage-first heap   total reserved 4173824K, committed 49152K, used 32242K [0x0000000701400000, 0x0000000800000000)
  region size 2048K, 10 young (20480K), 1 survivors (2048K)
 Metaspace       used 26116K, committed 26432K, reserved 1114112K
  class space    used 2620K, committed 2752K, reserved 1048576K
}
Event: 3.134 GC heap after
{Heap after GC invocations=5 (full 0):
 garbage-first heap   total reserved 4173824K, committed 49152K, used 15977K [0x0000000701400000, 0x0000000800000000)
  region size 2048K, 2 young (4096K), 2 survivors (4096K)
 Metaspace       used 26116K, committed 26432K, reserved 1114112K
  class space    used 2620K, committed 2752K, reserved 1048576K
}
Event: 3.524 GC heap before
{Heap before GC invocations=5 (full 0):
 garbage-first heap   total reserved 4173824K, committed 49152K, used 32361K [0x0000000701400000, 0x0000000800000000)
  region size 2048K, 11 young (22528K), 2 survivors (4096K)
 Metaspace       used 28553K, committed 28800K, reserved 1114112K
  class space    used 2913K, committed 3008K, reserved 1048576K
}
Event: 3.531 GC heap after
{Heap after GC invocations=6 (full 0):
 garbage-first heap   total reserved 4173824K, committed 49152K, used 16833K [0x0000000701400000, 0x0000000800000000)
  region size 2048K, 2 young (4096K), 2 survivors (4096K)
 Metaspace       used 28553K, committed 28800K, reserved 1114112K
  class space    used 2913K, committed 3008K, reserved 1048576K
}
Event: 3.975 GC heap before
{Heap before GC invocations=6 (full 0):
 garbage-first heap   total reserved 4173824K, committed 49152K, used 35265K [0x0000000701400000, 0x0000000800000000)
  region size 2048K, 11 young (22528K), 2 survivors (4096K)
 Metaspace       used 31135K, committed 31488K, reserved 1114112K
  class space    used 3242K, committed 3392K, reserved 1048576K
}
Event: 3.983 GC heap after
{Heap after GC invocations=7 (full 0):
 garbage-first heap   total reserved 4173824K, committed 49152K, used 18211K [0x0000000701400000, 0x0000000800000000)
  region size 2048K, 2 young (4096K), 2 survivors (4096K)
 Metaspace       used 31135K, committed 31488K, reserved 1114112K
  class space    used 3242K, committed 3392K, reserved 1048576K
}
Event: 4.338 GC heap before
{Heap before GC invocations=7 (full 0):
 garbage-first heap   total reserved 4173824K, committed 49152K, used 36643K [0x0000000701400000, 0x0000000800000000)
  region size 2048K, 11 young (22528K), 2 survivors (4096K)
 Metaspace       used 33857K, committed 34240K, reserved 1114112K
  class space    used 3563K, committed 3712K, reserved 1048576K
}
Event: 4.346 GC heap after
{Heap after GC invocations=8 (full 0):
 garbage-first heap   total reserved 4173824K, committed 155648K, used 19993K [0x0000000701400000, 0x0000000800000000)
  region size 2048K, 2 young (4096K), 2 survivors (4096K)
 Metaspace       used 33857K, committed 34240K, reserved 1114112K
  class space    used 3563K, committed 3712K, reserved 1048576K
}
Event: 4.631 GC heap before
{Heap before GC invocations=8 (full 0):
 garbage-first heap   total reserved 4173824K, committed 155648K, used 32281K [0x0000000701400000, 0x0000000800000000)
  region size 2048K, 9 young (18432K), 2 survivors (4096K)
 Metaspace       used 35625K, committed 36096K, reserved 1114112K
  class space    used 3794K, committed 4032K, reserved 1048576K
}
Event: 4.636 GC heap after
{Heap after GC invocations=9 (full 0):
 garbage-first heap   total reserved 4173824K, committed 155648K, used 21101K [0x0000000701400000, 0x0000000800000000)
  region size 2048K, 3 young (6144K), 3 survivors (6144K)
 Metaspace       used 35625K, committed 36096K, reserved 1114112K
  class space    used 3794K, committed 4032K, reserved 1048576K
}
Event: 5.686 GC heap before
{Heap before GC invocations=10 (full 0):
 garbage-first heap   total reserved 4173824K, committed 81920K, used 64109K [0x0000000701400000, 0x0000000800000000)
  region size 2048K, 24 young (49152K), 3 survivors (6144K)
 Metaspace       used 46660K, committed 47104K, reserved 1114112K
  class space    used 4912K, committed 5120K, reserved 1048576K
}
Event: 5.692 GC heap after
{Heap after GC invocations=11 (full 0):
 garbage-first heap   total reserved 4173824K, committed 81920K, used 23850K [0x0000000701400000, 0x0000000800000000)
  region size 2048K, 3 young (6144K), 3 survivors (6144K)
 Metaspace       used 46660K, committed 47104K, reserved 1114112K
  class space    used 4912K, committed 5120K, reserved 1048576K
}
Event: 6.975 GC heap before
{Heap before GC invocations=11 (full 0):
 garbage-first heap   total reserved 4173824K, committed 81920K, used 62762K [0x0000000701400000, 0x0000000800000000)
  region size 2048K, 23 young (47104K), 3 survivors (6144K)
 Metaspace       used 57683K, committed 58176K, reserved 1114112K
  class space    used 6084K, committed 6272K, reserved 1048576K
}
Event: 6.983 GC heap after
{Heap after GC invocations=12 (full 0):
 garbage-first heap   total reserved 4173824K, committed 81920K, used 26061K [0x0000000701400000, 0x0000000800000000)
  region size 2048K, 3 young (6144K), 3 survivors (6144K)
 Metaspace       used 57683K, committed 58176K, reserved 1114112K
  class space    used 6084K, committed 6272K, reserved 1048576K
}
Event: 7.385 GC heap before
{Heap before GC invocations=12 (full 0):
 garbage-first heap   total reserved 4173824K, committed 81920K, used 36301K [0x0000000701400000, 0x0000000800000000)
  region size 2048K, 9 young (18432K), 3 survivors (6144K)
 Metaspace       used 60491K, committed 60928K, reserved 1114112K
  class space    used 6410K, committed 6592K, reserved 1048576K
}
Event: 7.390 GC heap after
{Heap after GC invocations=13 (full 0):
 garbage-first heap   total reserved 4173824K, committed 81920K, used 26870K [0x0000000701400000, 0x0000000800000000)
  region size 2048K, 2 young (4096K), 2 survivors (4096K)
 Metaspace       used 60491K, committed 60928K, reserved 1114112K
  class space    used 6410K, committed 6592K, reserved 1048576K
}

